[32mRender Well[0m
============= Config =============

[95mMessy Table:[0m False
[95mRandom Background:[0m False
[95mRandom Light:[0m False
[95mRandom Table Height:[0m 0
[95mRandom Head Camera Distance:[0m 0
[94mHead Camera Config:[0m D435, True
[94mWrist Camera Config:[0m D435, True
[94mEmbodiment Config:[0m realman-dual

==================================
Task Name: [34mbeat_block_hammer[0m
[93m[Start Seed and Pre Motion Data Collection][0m
Exist seed file, Start from: 0 / 0
 -------------
simulate data episode 0 fail! (seed = 0)
Error:  Traceback (most recent call last):
  File "/home/gzy/vla/RoboTwin/script/collect_data.py", line 130, in run
    TASK_ENV.play_once()
  File "/home/gzy/vla/RoboTwin/./envs/beat_block_hammer.py", line 84, in play_once
    self.move(self.grasp_actor(self.hammer, arm_tag=arm_tag, pre_grasp_dis=0.12, grasp_dis=0.01))
  File "/home/gzy/vla/RoboTwin/./envs/_base_task.py", line 1360, in grasp_actor
    pre_grasp_pose, grasp_pose = self.choose_grasp_pose(
  File "/home/gzy/vla/RoboTwin/./envs/_base_task.py", line 1286, in choose_grasp_pose
    for i, _ in contact_point_id:
  File "/home/gzy/vla/RoboTwin/./envs/utils/actor_utils.py", line 70, in iter_contact_points
    yield i, self.get_point("contact", i, ret)
  File "/home/gzy/vla/RoboTwin/./envs/utils/actor_utils.py", line 50, in get_point
    return (world_matrix[:3, 3].tolist() + t3d.quaternions.mat2quat(world_matrix[:3, :3]).tolist())
  File "/home/gzy/vla/RoboTwin/env_RoboTwin/lib/python3.10/site-packages/transforms3d/quaternions.py", line 211, in mat2quat
    vals, vecs = np.linalg.eigh(K)
  File "/home/gzy/vla/RoboTwin/env_RoboTwin/lib/python3.10/site-packages/numpy/linalg/linalg.py", line 1487, in eigh
    w, vt = gufunc(a, signature=signature, extobj=extobj)
  File "/home/gzy/vla/RoboTwin/env_RoboTwin/lib/python3.10/site-packages/numpy/linalg/linalg.py", line 118, in _raise_linalgerror_eigenvalues_nonconvergence
    raise LinAlgError("Eigenvalues did not converge")
numpy.linalg.LinAlgError: Eigenvalues did not converge

 -------------
 -------------
simulate data episode 0 fail! (seed = 1)
Error:  Traceback (most recent call last):
  File "/home/gzy/vla/RoboTwin/script/collect_data.py", line 130, in run
    TASK_ENV.play_once()
  File "/home/gzy/vla/RoboTwin/./envs/beat_block_hammer.py", line 84, in play_once
    self.move(self.grasp_actor(self.hammer, arm_tag=arm_tag, pre_grasp_dis=0.12, grasp_dis=0.01))
  File "/home/gzy/vla/RoboTwin/./envs/_base_task.py", line 1360, in grasp_actor
    pre_grasp_pose, grasp_pose = self.choose_grasp_pose(
  File "/home/gzy/vla/RoboTwin/./envs/_base_task.py", line 1286, in choose_grasp_pose
    for i, _ in contact_point_id:
  File "/home/gzy/vla/RoboTwin/./envs/utils/actor_utils.py", line 70, in iter_contact_points
    yield i, self.get_point("contact", i, ret)
  File "/home/gzy/vla/RoboTwin/./envs/utils/actor_utils.py", line 50, in get_point
    return (world_matrix[:3, 3].tolist() + t3d.quaternions.mat2quat(world_matrix[:3, :3]).tolist())
  File "/home/gzy/vla/RoboTwin/env_RoboTwin/lib/python3.10/site-packages/transforms3d/quaternions.py", line 211, in mat2quat
    vals, vecs = np.linalg.eigh(K)
  File "/home/gzy/vla/RoboTwin/env_RoboTwin/lib/python3.10/site-packages/numpy/linalg/linalg.py", line 1487, in eigh
    w, vt = gufunc(a, signature=signature, extobj=extobj)
  File "/home/gzy/vla/RoboTwin/env_RoboTwin/lib/python3.10/site-packages/numpy/linalg/linalg.py", line 118, in _raise_linalgerror_eigenvalues_nonconvergence
    raise LinAlgError("Eigenvalues did not converge")
numpy.linalg.LinAlgError: Eigenvalues did not converge

 -------------
